This file contains any messages produced by compilers while
running configure, to aid debugging if configure makes a mistake.

It was created by fftw configure-macosx 3.3, which was
generated by GNU Autoconf 2.67.  Invocation command line was

  $ ./configure-macosx 

## --------- ##
## Platform. ##
## --------- ##

hostname = cerberus.cchem.berkeley.edu
uname -m = i386
uname -r = 10.8.0
uname -s = Darwin
uname -v = Darwin Kernel Version 10.8.0: Tue Jun  7 16:33:36 PDT 2011; root:xnu-1504.15.3~1/RELEASE_I386

/usr/bin/uname -p = i386
/bin/uname -X     = unknown

/bin/arch              = unknown
/usr/bin/arch -k       = unknown
/usr/convex/getsysinfo = unknown
/usr/bin/hostinfo      = Mach kernel version:
	 Darwin Kernel Version 10.8.0: Tue Jun  7 16:33:36 PDT 2011; root:xnu-1504.15.3~1/RELEASE_I386
Kernel configured for up to 8 processors.
8 processors are physically available.
8 processors are logically available.
Processor type: i486 (Intel 80486)
Processors active: 0 1 2 3 4 5 6 7
Primary memory available: 12.00 gigabytes
Default processor set: 158 tasks, 613 threads, 8 processors
Load average: 0.69, Mach factor: 7.30
/bin/machine           = unknown
/usr/bin/oslevel       = unknown
/bin/universe          = unknown

PATH: /sw/bin
PATH: /util
PATH: /Users/dstuck/bin/openmpi/bin/
PATH: /Users/dstuck/bin/
PATH: /opt/intel/Compiler/11.1/080/bin/intel64
PATH: /opt/intel/Compiler/11.1/080/bin
PATH: /opt/intel/Compiler/11.1/080/bin/intel64
PATH: /opt/intel/Compiler/11.1/080/bin
PATH: /opt/intel/Compiler/11.1/067/bin/intel64
PATH: /opt/intel/Compiler/11.1/067/bin
PATH: /opt/local/bin
PATH: /opt/local/sbin
PATH: /usr/local/git/bin
PATH: /Users/dstuck/Google Drive/UCB Chemistry/Research/PIMC/PIMC_code/PIMC_ZPE/Debug
PATH: /Users/dstuck/projects/PIMC/executablesTinker
PATH: /Users/dstuck/scripts/qcmagic
PATH: /Users/dstuck/scripts
PATH: /opt/intel/Compiler/11.1/080/bin/intel64
PATH: /opt/intel/Compiler/11.1/080/bin
PATH: /opt/intel/Compiler/11.1/080/bin/intel64
PATH: /opt/intel/Compiler/11.1/080/bin
PATH: /sw/bin
PATH: /util
PATH: /Users/dstuck/bin/openmpi/bin/
PATH: /Users/dstuck/bin/
PATH: /bin
PATH: /sbin
PATH: /usr/bin
PATH: /usr/sbin
PATH: /usr/texbin
PATH: /usr/local/bin
PATH: /usr/local/bin
PATH: /usr/local/bin


## ----------- ##
## Core tests. ##
## ----------- ##

configure-macosx:2844: checking for a BSD-compatible install
configure-macosx:2912: result: /usr/bin/install -c
configure-macosx:2923: checking whether build environment is sane
configure-macosx:2973: result: yes
configure-macosx:3114: checking for a thread-safe mkdir -p
configure-macosx:3153: result: ./install-sh -c -d
configure-macosx:3166: checking for gawk
configure-macosx:3196: result: no
configure-macosx:3166: checking for mawk
configure-macosx:3196: result: no
configure-macosx:3166: checking for nawk
configure-macosx:3196: result: no
configure-macosx:3166: checking for awk
configure-macosx:3182: found /usr/bin/awk
configure-macosx:3193: result: awk
configure-macosx:3204: checking whether make sets $(MAKE)
configure-macosx:3226: result: yes
configure-macosx:3310: checking whether to enable maintainer-specific portions of Makefiles
configure-macosx:3319: result: no
configure-macosx:3367: checking build system type
configure-macosx:3381: result: x86_64-apple-darwin10.8.0
configure-macosx:3401: checking host system type
configure-macosx:3414: result: x86_64-apple-darwin10.8.0
configure-macosx:3851: checking for gcc
configure-macosx:3878: result: icc
configure-macosx:4107: checking for C compiler version
configure-macosx:4116: icc --version >&5
icc (ICC) 11.1 20091130
Copyright (C) 1985-2009 Intel Corporation.  All rights reserved.

configure-macosx:4127: $? = 0
configure-macosx:4116: icc -v >&5
Version 11.1 
configure-macosx:4127: $? = 0
configure-macosx:4116: icc -V >&5
Intel(R) C Intel(R) 64 Compiler Professional for applications running on Intel(R) 64, Version 11.1    Build 20091130 Package ID: m_cproc_p_11.1.080
Copyright (C) 1985-2009 Intel Corporation.  All rights reserved.

configure-macosx:4127: $? = 0
configure-macosx:4116: icc -qversion >&5
icc: command line warning #10006: ignoring unknown option '-qversion'
icc: command line error: no files specified; for help type "icc -help"
configure-macosx:4127: $? = 1
configure-macosx:4147: checking whether the C compiler works
configure-macosx:4169: icc    conftest.c  >&5
configure-macosx:4173: $? = 0
configure-macosx:4221: result: yes
configure-macosx:4224: checking for C compiler default output file name
configure-macosx:4226: result: a.out
configure-macosx:4232: checking for suffix of executables
configure-macosx:4239: icc -o conftest    conftest.c  >&5
configure-macosx:4243: $? = 0
configure-macosx:4265: result: 
configure-macosx:4287: checking whether we are cross compiling
configure-macosx:4295: icc -o conftest    conftest.c  >&5
configure-macosx:4299: $? = 0
configure-macosx:4306: ./conftest
configure-macosx:4310: $? = 0
configure-macosx:4325: result: no
configure-macosx:4330: checking for suffix of object files
configure-macosx:4352: icc -c   conftest.c >&5
configure-macosx:4356: $? = 0
configure-macosx:4377: result: o
configure-macosx:4381: checking whether we are using the GNU C compiler
configure-macosx:4400: icc -c   conftest.c >&5
configure-macosx:4400: $? = 0
configure-macosx:4409: result: yes
configure-macosx:4418: checking whether icc accepts -g
configure-macosx:4438: icc -c -g  conftest.c >&5
configure-macosx:4438: $? = 0
configure-macosx:4479: result: yes
configure-macosx:4496: checking for icc option to accept ISO C89
configure-macosx:4560: icc  -c -g -O2  conftest.c >&5
configure-macosx:4560: $? = 0
configure-macosx:4573: result: none needed
configure-macosx:4604: checking for style of include used by make
configure-macosx:4632: result: GNU
configure-macosx:4657: checking dependency style of icc
configure-macosx:4767: result: gcc3
configure-macosx:4783: checking whether icc and cc understand -c and -o together
configure-macosx:4814: icc -c conftest.c -o conftest2.o >&5
configure-macosx:4818: $? = 0
configure-macosx:4824: icc -c conftest.c -o conftest2.o >&5
configure-macosx:4828: $? = 0
configure-macosx:4839: cc -c conftest.c >&5
configure-macosx:4843: $? = 0
configure-macosx:4851: cc -c conftest.c -o conftest2.o >&5
configure-macosx:4855: $? = 0
configure-macosx:4861: cc -c conftest.c -o conftest2.o >&5
configure-macosx:4865: $? = 0
configure-macosx:4883: result: yes
configure-macosx:4910: checking for C compiler vendor
configure-macosx:4934: icc -c -g -O2  conftest.c >&5
configure-macosx:4934: $? = 0
configure-macosx:4941: result: intel
configure-macosx:4948: checking for icc option to accept ISO C99
configure-macosx:5097: icc  -c -g -O2  conftest.c >&5
conftest.c(62): error: expected a ")"
  test_restrict (ccp restrict text)
                              ^

conftest.c(67): error: expected an expression
    for (unsigned int i = 0; *(text+i) != '\0'; ++i)
         ^

conftest.c(67): error: identifier "text" is undefined
    for (unsigned int i = 0; *(text+i) != '\0'; ++i)
                               ^

conftest.c(67): error: identifier "i" is undefined
    for (unsigned int i = 0; *(text+i) != '\0'; ++i)
                                    ^

conftest.c(116): error: expected a ";"
    char *restrict newvar = "Another string";
                   ^

conftest.c(126): error: expected an expression
    for (int i = 0; i < ia->datasize; ++i)
         ^

conftest.c(126): error: identifier "i" is undefined
    for (int i = 0; i < ia->datasize; ++i)
                    ^

conftest.c(142): error: identifier "newvar" is undefined
    return (!success || bignum == 0LL || ubignum == 0uLL || newvar[0] == 'x'
                                                            ^

compilation aborted for conftest.c (code 2)
configure-macosx:5097: $? = 2
configure-macosx: failed program was:
| /* confdefs.h */
| #define PACKAGE_NAME "fftw"
| #define PACKAGE_TARNAME "fftw"
| #define PACKAGE_VERSION "3.3"
| #define PACKAGE_STRING "fftw 3.3"
| #define PACKAGE_BUGREPORT "fftw@fftw.org"
| #define PACKAGE_URL ""
| #define PACKAGE "fftw"
| #define VERSION "3.3"
| #define FFTW_ENABLE_ALLOCA 1
| /* end confdefs.h.  */
| #include <stdarg.h>
| #include <stdbool.h>
| #include <stdlib.h>
| #include <wchar.h>
| #include <stdio.h>
| 
| // Check varargs macros.  These examples are taken from C99 6.10.3.5.
| #define debug(...) fprintf (stderr, __VA_ARGS__)
| #define showlist(...) puts (#__VA_ARGS__)
| #define report(test,...) ((test) ? puts (#test) : printf (__VA_ARGS__))
| static void
| test_varargs_macros (void)
| {
|   int x = 1234;
|   int y = 5678;
|   debug ("Flag");
|   debug ("X = %d\n", x);
|   showlist (The first, second, and third items.);
|   report (x>y, "x is %d but y is %d", x, y);
| }
| 
| // Check long long types.
| #define BIG64 18446744073709551615ull
| #define BIG32 4294967295ul
| #define BIG_OK (BIG64 / BIG32 == 4294967297ull && BIG64 % BIG32 == 0)
| #if !BIG_OK
|   your preprocessor is broken;
| #endif
| #if BIG_OK
| #else
|   your preprocessor is broken;
| #endif
| static long long int bignum = -9223372036854775807LL;
| static unsigned long long int ubignum = BIG64;
| 
| struct incomplete_array
| {
|   int datasize;
|   double data[];
| };
| 
| struct named_init {
|   int number;
|   const wchar_t *name;
|   double average;
| };
| 
| typedef const char *ccp;
| 
| static inline int
| test_restrict (ccp restrict text)
| {
|   // See if C++-style comments work.
|   // Iterate through items via the restricted pointer.
|   // Also check for declarations in for loops.
|   for (unsigned int i = 0; *(text+i) != '\0'; ++i)
|     continue;
|   return 0;
| }
| 
| // Check varargs and va_copy.
| static void
| test_varargs (const char *format, ...)
| {
|   va_list args;
|   va_start (args, format);
|   va_list args_copy;
|   va_copy (args_copy, args);
| 
|   const char *str;
|   int number;
|   float fnumber;
| 
|   while (*format)
|     {
|       switch (*format++)
| 	{
| 	case 's': // string
| 	  str = va_arg (args_copy, const char *);
| 	  break;
| 	case 'd': // int
| 	  number = va_arg (args_copy, int);
| 	  break;
| 	case 'f': // float
| 	  fnumber = va_arg (args_copy, double);
| 	  break;
| 	default:
| 	  break;
| 	}
|     }
|   va_end (args_copy);
|   va_end (args);
| }
| 
| int
| main ()
| {
| 
|   // Check bool.
|   _Bool success = false;
| 
|   // Check restrict.
|   if (test_restrict ("String literal") == 0)
|     success = true;
|   char *restrict newvar = "Another string";
| 
|   // Check varargs.
|   test_varargs ("s, d' f .", "string", 65, 34.234);
|   test_varargs_macros ();
| 
|   // Check flexible array members.
|   struct incomplete_array *ia =
|     malloc (sizeof (struct incomplete_array) + (sizeof (double) * 10));
|   ia->datasize = 10;
|   for (int i = 0; i < ia->datasize; ++i)
|     ia->data[i] = i * 1.234;
| 
|   // Check named initializers.
|   struct named_init ni = {
|     .number = 34,
|     .name = L"Test wide string",
|     .average = 543.34343,
|   };
| 
|   ni.number = 58;
| 
|   int dynamic_array[ni.number];
|   dynamic_array[ni.number - 1] = 543;
| 
|   // work around unused variable warnings
|   return (!success || bignum == 0LL || ubignum == 0uLL || newvar[0] == 'x'
| 	  || dynamic_array[ni.number - 1] != 543);
| 
|   ;
|   return 0;
| }
configure-macosx:5097: icc -std=gnu99 -c -g -O2  conftest.c >&5
conftest.c(67): error: expected an expression
    for (unsigned int i = 0; *(text+i) != '\0'; ++i)
         ^

conftest.c(67): error: identifier "i" is undefined
    for (unsigned int i = 0; *(text+i) != '\0'; ++i)
                                    ^

conftest.c(126): error: expected an expression
    for (int i = 0; i < ia->datasize; ++i)
         ^

conftest.c(126): error: identifier "i" is undefined
    for (int i = 0; i < ia->datasize; ++i)
                    ^

compilation aborted for conftest.c (code 2)
configure-macosx:5097: $? = 2
configure-macosx: failed program was:
| /* confdefs.h */
| #define PACKAGE_NAME "fftw"
| #define PACKAGE_TARNAME "fftw"
| #define PACKAGE_VERSION "3.3"
| #define PACKAGE_STRING "fftw 3.3"
| #define PACKAGE_BUGREPORT "fftw@fftw.org"
| #define PACKAGE_URL ""
| #define PACKAGE "fftw"
| #define VERSION "3.3"
| #define FFTW_ENABLE_ALLOCA 1
| /* end confdefs.h.  */
| #include <stdarg.h>
| #include <stdbool.h>
| #include <stdlib.h>
| #include <wchar.h>
| #include <stdio.h>
| 
| // Check varargs macros.  These examples are taken from C99 6.10.3.5.
| #define debug(...) fprintf (stderr, __VA_ARGS__)
| #define showlist(...) puts (#__VA_ARGS__)
| #define report(test,...) ((test) ? puts (#test) : printf (__VA_ARGS__))
| static void
| test_varargs_macros (void)
| {
|   int x = 1234;
|   int y = 5678;
|   debug ("Flag");
|   debug ("X = %d\n", x);
|   showlist (The first, second, and third items.);
|   report (x>y, "x is %d but y is %d", x, y);
| }
| 
| // Check long long types.
| #define BIG64 18446744073709551615ull
| #define BIG32 4294967295ul
| #define BIG_OK (BIG64 / BIG32 == 4294967297ull && BIG64 % BIG32 == 0)
| #if !BIG_OK
|   your preprocessor is broken;
| #endif
| #if BIG_OK
| #else
|   your preprocessor is broken;
| #endif
| static long long int bignum = -9223372036854775807LL;
| static unsigned long long int ubignum = BIG64;
| 
| struct incomplete_array
| {
|   int datasize;
|   double data[];
| };
| 
| struct named_init {
|   int number;
|   const wchar_t *name;
|   double average;
| };
| 
| typedef const char *ccp;
| 
| static inline int
| test_restrict (ccp restrict text)
| {
|   // See if C++-style comments work.
|   // Iterate through items via the restricted pointer.
|   // Also check for declarations in for loops.
|   for (unsigned int i = 0; *(text+i) != '\0'; ++i)
|     continue;
|   return 0;
| }
| 
| // Check varargs and va_copy.
| static void
| test_varargs (const char *format, ...)
| {
|   va_list args;
|   va_start (args, format);
|   va_list args_copy;
|   va_copy (args_copy, args);
| 
|   const char *str;
|   int number;
|   float fnumber;
| 
|   while (*format)
|     {
|       switch (*format++)
| 	{
| 	case 's': // string
| 	  str = va_arg (args_copy, const char *);
| 	  break;
| 	case 'd': // int
| 	  number = va_arg (args_copy, int);
| 	  break;
| 	case 'f': // float
| 	  fnumber = va_arg (args_copy, double);
| 	  break;
| 	default:
| 	  break;
| 	}
|     }
|   va_end (args_copy);
|   va_end (args);
| }
| 
| int
| main ()
| {
| 
|   // Check bool.
|   _Bool success = false;
| 
|   // Check restrict.
|   if (test_restrict ("String literal") == 0)
|     success = true;
|   char *restrict newvar = "Another string";
| 
|   // Check varargs.
|   test_varargs ("s, d' f .", "string", 65, 34.234);
|   test_varargs_macros ();
| 
|   // Check flexible array members.
|   struct incomplete_array *ia =
|     malloc (sizeof (struct incomplete_array) + (sizeof (double) * 10));
|   ia->datasize = 10;
|   for (int i = 0; i < ia->datasize; ++i)
|     ia->data[i] = i * 1.234;
| 
|   // Check named initializers.
|   struct named_init ni = {
|     .number = 34,
|     .name = L"Test wide string",
|     .average = 543.34343,
|   };
| 
|   ni.number = 58;
| 
|   int dynamic_array[ni.number];
|   dynamic_array[ni.number - 1] = 543;
| 
|   // work around unused variable warnings
|   return (!success || bignum == 0LL || ubignum == 0uLL || newvar[0] == 'x'
| 	  || dynamic_array[ni.number - 1] != 543);
| 
|   ;
|   return 0;
| }
configure-macosx:5097: icc -std=c99 -c -g -O2  conftest.c >&5
configure-macosx:5097: $? = 0
configure-macosx:5117: result: -std=c99
configure-macosx:5219: checking for icc -std=c99 option to accept ISO Standard C
configure-macosx:5233: result: -std=c99
configure-macosx:5238: checking whether ln -s works
configure-macosx:5242: result: yes
configure-macosx:5249: checking whether make sets $(MAKE)
configure-macosx:5271: result: yes
configure-macosx:5585: WARNING: Libtool does not cope well with whitespace in `pwd`
configure-macosx:5608: checking for a sed that does not truncate output
configure-macosx:5672: result: /usr/bin/sed
configure-macosx:5690: checking for grep that handles long lines and -e
configure-macosx:5748: result: /usr/bin/grep
configure-macosx:5753: checking for egrep
configure-macosx:5815: result: /usr/bin/grep -E
configure-macosx:5820: checking for fgrep
configure-macosx:5882: result: /usr/bin/grep -F
configure-macosx:5917: checking for ld used by icc -std=c99
configure-macosx:5984: result: /usr/bin/ld
configure-macosx:5991: checking if the linker (/usr/bin/ld) is GNU ld
configure-macosx:6006: result: no
configure-macosx:6018: checking for BSD- or MS-compatible name lister (nm)
configure-macosx:6067: result: /usr/bin/nm
configure-macosx:6185: checking the name lister (/usr/bin/nm) interface
configure-macosx:6192: icc -std=c99 -c -g -O2  conftest.c >&5
configure-macosx:6195: /usr/bin/nm "conftest.o"
configure-macosx:6198: output
0000000000000150 B _some_variable
configure-macosx:6205: result: BSD nm
configure-macosx:6209: checking the maximum length of command line arguments
configure-macosx:6329: result: 196608
configure-macosx:6346: checking whether the shell understands some XSI constructs
configure-macosx:6356: result: yes
configure-macosx:6360: checking whether the shell understands "+="
configure-macosx:6366: result: yes
configure-macosx:6401: checking for /usr/bin/ld option to reload object files
configure-macosx:6408: result: -r
configure-macosx:6477: checking for objdump
configure-macosx:6504: result: objdump
configure-macosx:6533: checking how to recognize dependent libraries
configure-macosx:6729: result: pass_all
configure-macosx:6789: checking for ar
configure-macosx:6805: found /usr/bin/ar
configure-macosx:6816: result: ar
configure-macosx:6894: checking for strip
configure-macosx:6910: found /usr/bin/strip
configure-macosx:6921: result: strip
configure-macosx:6993: checking for ranlib
configure-macosx:7009: found /usr/bin/ranlib
configure-macosx:7020: result: ranlib
configure-macosx:7110: checking command to parse /usr/bin/nm output from icc -std=c99 object
configure-macosx:7228: icc -std=c99 -c -g -O2  conftest.c >&5
configure-macosx:7231: $? = 0
configure-macosx:7235: /usr/bin/nm conftest.o \| sed -n -e 's/^.*[	 ]\([BCDEGRST][BCDEGRST]*\)[	 ][	 ]*\([_A-Za-z][_A-Za-z0-9]*\)$/\1 \2 \2/p' \> conftest.nm
configure-macosx:7238: $? = 0
cannot find nm_test_var in conftest.nm
configure-macosx:7228: icc -std=c99 -c -g -O2  conftest.c >&5
configure-macosx:7231: $? = 0
configure-macosx:7235: /usr/bin/nm conftest.o \| sed -n -e 's/^.*[	 ]\([BCDEGRST][BCDEGRST]*\)[	 ][	 ]*_\([_A-Za-z][_A-Za-z0-9]*\)$/\1 _\2 \2/p' \> conftest.nm
configure-macosx:7238: $? = 0
configure-macosx:7292: icc -std=c99 -o conftest -g -O2   conftest.c conftstm.o >&5
configure-macosx:7295: $? = 0
configure-macosx:7333: result: ok
configure-macosx:7597: checking for dsymutil
configure-macosx:7613: found /usr/bin/dsymutil
configure-macosx:7624: result: dsymutil
configure-macosx:7689: checking for nmedit
configure-macosx:7705: found /usr/bin/nmedit
configure-macosx:7716: result: nmedit
configure-macosx:7781: checking for lipo
configure-macosx:7797: found /usr/bin/lipo
configure-macosx:7808: result: lipo
configure-macosx:7873: checking for otool
configure-macosx:7889: found /usr/bin/otool
configure-macosx:7900: result: otool
configure-macosx:7965: checking for otool64
configure-macosx:7995: result: no
configure-macosx:8040: checking for -single_module linker flag
icc -std=c99 -g -O2  -o libconftest.dylib -dynamiclib -Wl,-single_module conftest.c
configure-macosx:8067: result: yes
configure-macosx:8069: checking for -exported_symbols_list linker flag
configure-macosx:8089: icc -std=c99 -o conftest -g -O2   -Wl,-exported_symbols_list,conftest.sym conftest.c  >&5
configure-macosx:8089: $? = 0
configure-macosx:8099: result: yes
configure-macosx:8141: checking how to run the C preprocessor
configure-macosx:8211: result: icpc
configure-macosx:8231: icpc  conftest.c
conftest.c(17): error: identifier "Syntax" is undefined
  		     Syntax error
  		     ^

conftest.c(17): error: expected a ";"

compilation aborted for conftest.c (code 2)
configure-macosx:8231: $? = 2
configure-macosx: failed program was:
| /* confdefs.h */
| #define PACKAGE_NAME "fftw"
| #define PACKAGE_TARNAME "fftw"
| #define PACKAGE_VERSION "3.3"
| #define PACKAGE_STRING "fftw 3.3"
| #define PACKAGE_BUGREPORT "fftw@fftw.org"
| #define PACKAGE_URL ""
| #define PACKAGE "fftw"
| #define VERSION "3.3"
| #define FFTW_ENABLE_ALLOCA 1
| /* end confdefs.h.  */
| #ifdef __STDC__
| # include <limits.h>
| #else
| # include <assert.h>
| #endif
| 		     Syntax error
configure-macosx:8231: icpc  conftest.c
conftest.c(17): error: identifier "Syntax" is undefined
  		     Syntax error
  		     ^

conftest.c(17): error: expected a ";"

compilation aborted for conftest.c (code 2)
configure-macosx:8231: $? = 2
configure-macosx: failed program was:
| /* confdefs.h */
| #define PACKAGE_NAME "fftw"
| #define PACKAGE_TARNAME "fftw"
| #define PACKAGE_VERSION "3.3"
| #define PACKAGE_STRING "fftw 3.3"
| #define PACKAGE_BUGREPORT "fftw@fftw.org"
| #define PACKAGE_URL ""
| #define PACKAGE "fftw"
| #define VERSION "3.3"
| #define FFTW_ENABLE_ALLOCA 1
| /* end confdefs.h.  */
| #ifdef __STDC__
| # include <limits.h>
| #else
| # include <assert.h>
| #endif
| 		     Syntax error
configure-macosx:8261: error: in `/Users/dstuck/Google Drive/UCB Chemistry/Research/PIMC/PIMC_code/tinker_integrated_PIMC/tinker/fftw':
configure-macosx:8263: error: C preprocessor "icpc" fails sanity check
See `config.log' for more details

## ---------------- ##
## Cache variables. ##
## ---------------- ##

ac_cv_build=x86_64-apple-darwin10.8.0
ac_cv_c_compiler_gnu=yes
ac_cv_env_CC_set=set
ac_cv_env_CC_value=icc
ac_cv_env_CFLAGS_set=
ac_cv_env_CFLAGS_value=
ac_cv_env_CPPFLAGS_set=
ac_cv_env_CPPFLAGS_value=
ac_cv_env_CPP_set=set
ac_cv_env_CPP_value=icpc
ac_cv_env_F77_set=set
ac_cv_env_F77_value=ifort
ac_cv_env_FFLAGS_set=
ac_cv_env_FFLAGS_value=
ac_cv_env_LDFLAGS_set=
ac_cv_env_LDFLAGS_value=
ac_cv_env_LIBS_set=
ac_cv_env_LIBS_value=
ac_cv_env_MPICC_set=
ac_cv_env_MPICC_value=
ac_cv_env_build_alias_set=
ac_cv_env_build_alias_value=
ac_cv_env_host_alias_set=
ac_cv_env_host_alias_value=
ac_cv_env_target_alias_set=
ac_cv_env_target_alias_value=
ac_cv_host=x86_64-apple-darwin10.8.0
ac_cv_objext=o
ac_cv_path_EGREP='/usr/bin/grep -E'
ac_cv_path_FGREP='/usr/bin/grep -F'
ac_cv_path_GREP=/usr/bin/grep
ac_cv_path_SED=/usr/bin/sed
ac_cv_path_install='/usr/bin/install -c'
ac_cv_prog_AWK=awk
ac_cv_prog_CPP=icpc
ac_cv_prog_ac_ct_AR=ar
ac_cv_prog_ac_ct_CC=icc
ac_cv_prog_ac_ct_DSYMUTIL=dsymutil
ac_cv_prog_ac_ct_LIPO=lipo
ac_cv_prog_ac_ct_NMEDIT=nmedit
ac_cv_prog_ac_ct_OBJDUMP=objdump
ac_cv_prog_ac_ct_OTOOL=otool
ac_cv_prog_ac_ct_RANLIB=ranlib
ac_cv_prog_ac_ct_STRIP=strip
ac_cv_prog_cc_c89=
ac_cv_prog_cc_c99=-std=c99
ac_cv_prog_cc_g=yes
ac_cv_prog_cc_icc_c_o=yes
ac_cv_prog_cc_stdc=-std=c99
ac_cv_prog_make_make_set=yes
am_cv_CC_dependencies_compiler_type=gcc3
ax_cv_c_compiler_vendor=intel
lt_cv_apple_cc_single_mod=yes
lt_cv_deplibs_check_method=pass_all
lt_cv_file_magic_cmd='$MAGIC_CMD'
lt_cv_file_magic_test_file=
lt_cv_ld_exported_symbols_list=yes
lt_cv_ld_reload_flag=-r
lt_cv_nm_interface='BSD nm'
lt_cv_path_LD=/usr/bin/ld
lt_cv_path_NM=/usr/bin/nm
lt_cv_prog_gnu_ld=no
lt_cv_sys_global_symbol_pipe='sed -n -e '\''s/^.*[	 ]\([BCDEGRST][BCDEGRST]*\)[	 ][	 ]*_\([_A-Za-z][_A-Za-z0-9]*\)$/\1 _\2 \2/p'\'''
lt_cv_sys_global_symbol_to_c_name_address='sed -n -e '\''s/^: \([^ ]*\) $/  {\"\1\", (void *) 0},/p'\'' -e '\''s/^[BCDEGRST]* \([^ ]*\) \([^ ]*\)$/  {"\2", (void *) \&\2},/p'\'''
lt_cv_sys_global_symbol_to_c_name_address_lib_prefix='sed -n -e '\''s/^: \([^ ]*\) $/  {\"\1\", (void *) 0},/p'\'' -e '\''s/^[BCDEGRST]* \([^ ]*\) \(lib[^ ]*\)$/  {"\2", (void *) \&\2},/p'\'' -e '\''s/^[BCDEGRST]* \([^ ]*\) \([^ ]*\)$/  {"lib\2", (void *) \&\2},/p'\'''
lt_cv_sys_global_symbol_to_cdecl='sed -n -e '\''s/^T .* \(.*\)$/extern int \1();/p'\'' -e '\''s/^[BCDEGRST]* .* \(.*\)$/extern char \1;/p'\'''
lt_cv_sys_max_cmd_len=196608

## ----------------- ##
## Output variables. ##
## ----------------- ##

ACLOCAL='${SHELL} "/Users/dstuck/Google Drive/UCB Chemistry/Research/PIMC/PIMC_code/tinker_integrated_PIMC/tinker/fftw/missing" --run aclocal-1.11'
ALLOCA=''
ALTIVEC_CFLAGS=''
AMDEPBACKSLASH='\'
AMDEP_FALSE='#'
AMDEP_TRUE=''
AMTAR='${SHELL} "/Users/dstuck/Google Drive/UCB Chemistry/Research/PIMC/PIMC_code/tinker_integrated_PIMC/tinker/fftw/missing" --run tar'
AR='ar'
AS='as'
AUTOCONF='${SHELL} "/Users/dstuck/Google Drive/UCB Chemistry/Research/PIMC/PIMC_code/tinker_integrated_PIMC/tinker/fftw/missing" --run autoconf'
AUTOHEADER='${SHELL} "/Users/dstuck/Google Drive/UCB Chemistry/Research/PIMC/PIMC_code/tinker_integrated_PIMC/tinker/fftw/missing" --run autoheader'
AUTOMAKE='${SHELL} "/Users/dstuck/Google Drive/UCB Chemistry/Research/PIMC/PIMC_code/tinker_integrated_PIMC/tinker/fftw/missing" --run automake-1.11'
AVX_CFLAGS=''
AWK='awk'
CC='icc -std=c99'
CCDEPMODE='depmode=gcc3'
CFLAGS='-g -O2'
CHECK_PL_OPTS=''
COMBINED_THREADS_FALSE=''
COMBINED_THREADS_TRUE=''
CPP='icpc'
CPPFLAGS=''
CYGPATH_W='echo'
C_FFTW_R2R_KIND=''
C_MPI_FINT=''
DEFS=''
DEPDIR='.deps'
DLLTOOL='dlltool'
DSYMUTIL='dsymutil'
DUMPBIN=''
ECHO_C='\c'
ECHO_N=''
ECHO_T=''
EGREP='/usr/bin/grep -E'
EXEEXT=''
F77='ifort'
FFLAGS=''
FGREP='/usr/bin/grep -F'
FLIBS=''
GREP='/usr/bin/grep'
HAVE_ALTIVEC_FALSE=''
HAVE_ALTIVEC_TRUE='#'
HAVE_AVX_FALSE=''
HAVE_AVX_TRUE='#'
HAVE_MIPS_PS_FALSE=''
HAVE_MIPS_PS_TRUE='#'
HAVE_SSE2_FALSE=''
HAVE_SSE2_TRUE='#'
INSTALL_DATA='${INSTALL} -m 644'
INSTALL_PROGRAM='${INSTALL}'
INSTALL_SCRIPT='${INSTALL}'
INSTALL_STRIP_PROGRAM='$(install_sh) -c -s'
LD='/usr/bin/ld'
LDFLAGS=''
LDOUBLE_FALSE=''
LDOUBLE_TRUE='#'
LIBOBJS=''
LIBQUADMATH=''
LIBS=''
LIBTOOL=''
LIPO='lipo'
LN_S='ln -s'
LTLIBOBJS=''
MAINT='#'
MAINTAINER_MODE_FALSE=''
MAINTAINER_MODE_TRUE='#'
MAKEINFO='${SHELL} "/Users/dstuck/Google Drive/UCB Chemistry/Research/PIMC/PIMC_code/tinker_integrated_PIMC/tinker/fftw/missing" --run makeinfo'
MKDIR_P='./install-sh -c -d'
MPICC=''
MPILIBS=''
MPIRUN=''
MPI_FALSE=''
MPI_TRUE=''
NM='/usr/bin/nm'
NMEDIT='nmedit'
OBJDUMP='objdump'
OBJEXT='o'
OCAMLBUILD=''
OPENMP_CFLAGS=''
OPENMP_FALSE=''
OPENMP_TRUE=''
OTOOL64=':'
OTOOL='otool'
PACKAGE='fftw'
PACKAGE_BUGREPORT='fftw@fftw.org'
PACKAGE_NAME='fftw'
PACKAGE_STRING='fftw 3.3'
PACKAGE_TARNAME='fftw'
PACKAGE_URL=''
PACKAGE_VERSION='3.3'
PATH_SEPARATOR=':'
POW_LIB=''
PRECISION='d'
PREC_SUFFIX=''
PTHREAD_CC=''
PTHREAD_CFLAGS=''
PTHREAD_LIBS=''
QUAD_FALSE=''
QUAD_TRUE='#'
RANLIB='ranlib'
SED='/usr/bin/sed'
SET_MAKE=''
SHARED_VERSION_INFO='6:0:3'
SHELL='/bin/sh'
SINGLE_FALSE=''
SINGLE_TRUE='#'
SMP_FALSE=''
SMP_TRUE=''
SSE2_CFLAGS=''
STACK_ALIGN_CFLAGS=''
STRIP='strip'
THREADLIBS=''
THREADS_FALSE=''
THREADS_TRUE=''
VERSION='3.3'
ac_ct_CC='icc'
ac_ct_DUMPBIN=''
ac_ct_F77=''
acx_pthread_config=''
am__EXEEXT_FALSE=''
am__EXEEXT_TRUE=''
am__fastdepCC_FALSE='#'
am__fastdepCC_TRUE=''
am__include='include'
am__isrc=''
am__leading_dot='.'
am__quote=''
am__tar='${AMTAR} chof - "$$tardir"'
am__untar='${AMTAR} xf -'
bindir='${exec_prefix}/bin'
build='x86_64-apple-darwin10.8.0'
build_alias=''
build_cpu='x86_64'
build_os='darwin10.8.0'
build_vendor='apple'
datadir='${datarootdir}'
datarootdir='${prefix}/share'
docdir='${datarootdir}/doc/${PACKAGE_TARNAME}'
dvidir='${docdir}'
exec_prefix='NONE'
host='x86_64-apple-darwin10.8.0'
host_alias=''
host_cpu='x86_64'
host_os='darwin10.8.0'
host_vendor='apple'
htmldir='${docdir}'
includedir='${prefix}/include'
infodir='${datarootdir}/info'
install_sh='${SHELL} '\''/Users/dstuck/Google Drive/UCB Chemistry/Research/PIMC/PIMC_code/tinker_integrated_PIMC/tinker/fftw/install-sh'\'''
libdir='${exec_prefix}/lib'
libexecdir='${exec_prefix}/libexec'
localedir='${datarootdir}/locale'
localstatedir='${prefix}/var'
lt_ECHO='/bin/echo'
mandir='${datarootdir}/man'
mkdir_p='$(top_builddir)/./install-sh -c -d'
oldincludedir='/usr/include'
pdfdir='${docdir}'
prefix='NONE'
program_transform_name='s,x,x,'
psdir='${docdir}'
sbindir='${exec_prefix}/sbin'
sharedstatedir='${prefix}/com'
sysconfdir='${prefix}/etc'
target_alias=''

## ----------- ##
## confdefs.h. ##
## ----------- ##

/* confdefs.h */
#define PACKAGE_NAME "fftw"
#define PACKAGE_TARNAME "fftw"
#define PACKAGE_VERSION "3.3"
#define PACKAGE_STRING "fftw 3.3"
#define PACKAGE_BUGREPORT "fftw@fftw.org"
#define PACKAGE_URL ""
#define PACKAGE "fftw"
#define VERSION "3.3"
#define FFTW_ENABLE_ALLOCA 1

configure-macosx: exit 1
